<?xml version="1.0" encoding="UTF-8"?>
<!-- Generated by org.testng.reporters.JUnitXMLReporter -->
<testsuite ignored="0" hostname="LAPTOP-NILJVJHK" failures="0" tests="4" name="Test" time="18.352" errors="0" timestamp="2020-10-27T10:36:58 IST">
  <testcase classname="Test1" name="LaunchBrowser" time="14.891"/>
  <testcase classname="Test1" name="TestUI1" time="3.234"/>
  <testcase classname="Test03" name="f" time="0.007"/>
  <testcase classname="Test03" name="f" time="0.005"/>
</testsuite> <!-- Test -->
