<?xml version="1.0" encoding="UTF-8"?>
<testng-results ignored="0" total="4" passed="4" failed="0" skipped="0">
  <reporter-output>
  </reporter-output>
  <suite started-at="2020-10-27T10:36:40 IST" name="Suite" finished-at="2020-10-27T10:36:58 IST" duration-ms="18352">
    <groups>
    </groups>
    <test started-at="2020-10-27T10:36:40 IST" name="Test" finished-at="2020-10-27T10:36:58 IST" duration-ms="18352">
      <class name="Test1">
        <test-method signature="LaunchBrowser()[pri:0, instance:Test1@5aac4250]" started-at="2020-10-27T10:36:40 IST" name="LaunchBrowser" finished-at="2020-10-27T10:36:55 IST" duration-ms="14891" status="PASS">
          <reporter-output>
          </reporter-output>
        </test-method> <!-- LaunchBrowser -->
        <test-method signature="TestUI1()[pri:1, instance:Test1@5aac4250]" started-at="2020-10-27T10:36:55 IST" name="TestUI1" finished-at="2020-10-27T10:36:58 IST" duration-ms="3234" status="PASS">
          <reporter-output>
          </reporter-output>
        </test-method> <!-- TestUI1 -->
      </class> <!-- Test1 -->
      <class name="Test03">
        <test-method is-config="true" signature="beforeSuite()[pri:0, instance:Test03@6b3e12b5]" started-at="2020-10-27T10:36:40 IST" name="beforeSuite" finished-at="2020-10-27T10:36:40 IST" duration-ms="31" status="PASS">
          <reporter-output>
          </reporter-output>
        </test-method> <!-- beforeSuite -->
        <test-method signature="f(java.lang.Integer, java.lang.String)[pri:0, instance:Test03@6b3e12b5]" started-at="2020-10-27T10:36:58 IST" name="f" data-provider="dp" finished-at="2020-10-27T10:36:58 IST" duration-ms="7" status="PASS">
          <params>
            <param index="0">
              <value>
                <![CDATA[1]]>
              </value>
            </param>
            <param index="1">
              <value>
                <![CDATA[a]]>
              </value>
            </param>
          </params>
          <reporter-output>
          </reporter-output>
        </test-method> <!-- f -->
        <test-method signature="f(java.lang.Integer, java.lang.String)[pri:0, instance:Test03@6b3e12b5]" started-at="2020-10-27T10:36:58 IST" name="f" data-provider="dp" finished-at="2020-10-27T10:36:58 IST" duration-ms="5" status="PASS">
          <params>
            <param index="0">
              <value>
                <![CDATA[2]]>
              </value>
            </param>
            <param index="1">
              <value>
                <![CDATA[b]]>
              </value>
            </param>
          </params>
          <reporter-output>
          </reporter-output>
        </test-method> <!-- f -->
        <test-method is-config="true" signature="afterSuite()[pri:0, instance:Test03@6b3e12b5]" started-at="2020-10-27T10:36:59 IST" name="afterSuite" finished-at="2020-10-27T10:36:59 IST" duration-ms="1" status="PASS">
          <reporter-output>
          </reporter-output>
        </test-method> <!-- afterSuite -->
      </class> <!-- Test03 -->
    </test> <!-- Test -->
  </suite> <!-- Suite -->
</testng-results>
